<?xml version="1.0" encoding="UTF-8"?>
<!-- Generated by org.testng.reporters.JUnitXMLReporter -->
<testsuite ignored="0" hostname="LAPTOP-F0DC6UKI" failures="0" tests="4" name="Login Tests" time="18.502" errors="0" timestamp="2024-10-28T14:56:08 IST">
  <testcase classname="test.LoginTest" name="testLogin" time="2.794"/>
  <testcase classname="test.LoginTest" name="testLogin" time="0.392"/>
  <testcase classname="test.LoginTest" name="testLogin" time="0.327"/>
  <testcase classname="test.LoginTest" name="testLogin" time="4.473"/>
</testsuite> <!-- Login Tests -->
