<?xml version="1.0" encoding="UTF-8"?>
<testng-results ignored="0" total="0" passed="0" failed="0" skipped="0">
  <reporter-output>
  </reporter-output>
  <suite started-at="2024-10-22T15:18:33 IST" name="Selenium Test Suite" finished-at="2024-10-22T15:18:33 IST" duration-ms="17">
    <groups>
    </groups>
    <test started-at="2024-10-22T15:18:33 IST" name="Login Tests" finished-at="2024-10-22T15:18:33 IST" duration-ms="17">
    </test> <!-- Login Tests -->
  </suite> <!-- Selenium Test Suite -->
</testng-results>
